make all --print-data-base --no-builtin-variables --no-builtin-rules --question
make: *** No rule to make target 'all'.  Stop.

# GNU Make 4.2.1
# Built for x86_64-pc-linux-gnu
# Copyright (C) 1988-2016 Free Software Foundation, Inc.
# License GPLv3+: GNU GPL version 3 or later <http://gnu.org/licenses/gpl.html>
# This is free software: you are free to change and redistribute it.
# There is NO WARRANTY, to the extent permitted by law.

# Make data base, printed on Wed May 18 08:05:51 2022

# Variables

# 'override' directive
GNUMAKEFLAGS := 
# automatic
<D = $(patsubst %/,%,$(dir $<))
# automatic
?F = $(notdir $?)
# environment
DESKTOP_SESSION = ubuntu
# default
.SHELLFLAGS := -c
# environment
XDG_SESSION_CLASS = user
# environment
SNAP_COMMON = /var/snap/code/common
# environment
XDG_SESSION_TYPE = x11
# environment
VSCODE_LOG_NATIVE = false
# automatic
?D = $(patsubst %/,%,$(dir $?))
# environment
IM_CONFIG_PHASE = 1
# automatic
@D = $(patsubst %/,%,$(dir $@))
# environment
XAUTHORITY = /run/user/1001/gdm/Xauthority
# environment
GDMSESSION = ubuntu
# environment
XMODIFIERS = @im=ibus
# makefile
CURDIR := /home/daniel/conexidade-dinamica
# makefile
SHELL = /bin/sh
# makefile (from 'Makefile', line 5)
RM := rm
# environment
SNAP_DATA = /var/snap/code/96
# environment
VSCODE_NLS_CONFIG = {"locale":"en-us","availableLanguages":{},"_languagePackSupport":true}
# environment
JOURNAL_STREAM = 8:56386
# environment
XDG_CONFIG_DIRS = /etc/xdg/xdg-ubuntu:/etc/xdg
# environment
SNAP_INSTANCE_NAME = code
# environment
SNAP_ARCH = amd64
# makefile (from 'Makefile', line 1)
MAKEFILE_LIST :=  Makefile
# automatic
@F = $(notdir $@)
# environment
GIO_LAUNCHED_DESKTOP_FILE = /var/lib/snapd/desktop/applications/code_code.desktop
# environment
USERNAME = daniel
# environment
MAKELEVEL := 0
# environment
MANDATORY_PATH = /usr/share/gconf/ubuntu.mandatory.path
# environment
XDG_DATA_DIRS = /usr/share/ubuntu:/usr/local/share/:/usr/share/:/var/lib/snapd/desktop
# environment
DBUS_SESSION_BUS_ADDRESS = unix:path=/run/user/1001/bus
# environment
VSCODE_VERBOSE_LOGGING = true
# makefile (from 'Makefile', line 18)
TARGET1 := exe
# environment
_ = /snap/code/96/usr/share/code/code
# environment
LC_CTYPE = pt_BR.UTF-8
# environment
MANAGERPID = 2044
# environment
P9K_SSH = 0
# environment
VSCODE_IPC_HOOK_EXTHOST = /run/user/1001/vscode-ipc-e7f49f0e-b370-4b6a-9d3a-e371668f14b2.sock
# environment
LC_NAME = pt_BR.UTF-8
# environment
VSCODE_CWD = /home/daniel
# environment
GSETTINGS_SCHEMA_DIR = /snap/code/96/usr/share/glib-2.0/schemas
# default
MAKE_HOST := x86_64-pc-linux-gnu
# environment
PATH = '/home/daniel/.local/bin:/home/daniel/bin:/usr/local/bin:/home/daniel/.local/bin:/usr/local/sbin:/usr/local/bin:/usr/sbin:/usr/bin:/sbin:/bin:/usr/games:/usr/local/games:/snap/bin
# makefile (from 'Makefile', line 24)
OBJ1 := ./obj/client.o ./obj/analisaLct.o ./obj/forest.o ./obj/lct.o ./obj/splay.o ./obj/node.o ./obj/item.o
# environment
GPG_AGENT_INFO = /run/user/1001/gnupg/S.gpg-agent:0:1
# environment
LSCOLORS = Gxfxcxdxbxegedabagacad
# environment
SESSION_MANAGER = local/lawand:@/tmp/.ICE-unix/2264,unix/lawand:/tmp/.ICE-unix/2264
# environment
XDG_RUNTIME_DIR = /run/user/1001
# environment
GDK_PIXBUF_MODULE_FILE = /home/daniel/snap/code/common/.cache/gdk-pixbuf-loaders.cache
# environment
SNAP = /snap/code/96
# makefile (from 'Makefile', line 13)
SRC_PATH := ./src/
# makefile (from 'Makefile', line 10)
VPATH := ./src/ ./obj/ ./library/
# environment
SNAP_VERSION = da15b6fd
# environment
XDG_MENU_PREFIX = gnome-
# environment
VSCODE_LOG_STACK = false
# environment
DISABLE_WAYLAND = 1
# environment
ELECTRON_RUN_AS_NODE = 1
# environment
INVOCATION_ID = 523a1e4a2e67487d939297832d14e6d7
# environment
GDK_PIXBUF_MODULEDIR = /snap/code/96/usr/lib/x86_64-linux-gnu/gdk-pixbuf-2.0/2.10.0/loaders
# default
.FEATURES := target-specific order-only second-expansion else-if shortest-stem undefine oneshell archives jobserver output-sync check-symlink load
# environment
ELECTRON_NO_ATTACH_CONSOLE = 1
# environment
LS_COLORS = 
# environment
XDG_SESSION_DESKTOP = ubuntu
# environment
SSH_AUTH_SOCK = /run/user/1001/keyring/ssh
# environment
GIO_LAUNCHED_DESKTOP_FILE_PID = 5002
# automatic
%F = $(notdir $%)
# environment
DISPLAY = :0
# environment
VSCODE_PIPE_LOGGING = true
# environment
SNAP_INSTANCE_KEY = 
# environment
PWD = /home/daniel/conexidade-dinamica
# default
.LOADED := 
# environment
SSH_AGENT_PID = 2226
# environment
ORIGINAL_XDG_CURRENT_DESKTOP = ubuntu:GNOME
# environment
GTK_MODULES = gail:atk-bridge
# environment
VSCODE_AMD_ENTRYPOINT = vs/workbench/api/node/extensionHostProcess
# environment
HOME = /home/daniel
# environment
VSCODE_CLI = 1
# environment
VSCODE_CODE_CACHE_PATH = /home/daniel/.config/Code/CachedData/da15b6fd3ef856477bf6f4fb29ba1b7af717770d
# environment
LOGNAME = daniel
# environment
APPLICATION_INSIGHTS_NO_DIAGNOSTIC_CHANNEL = 1
# environment
SNAP_LIBRARY_PATH = /var/lib/snapd/lib/gl:/var/lib/snapd/lib/gl32:/var/lib/snapd/void
# environment
SNAP_CONTEXT = YAgRdRkoQqrukyasTEcN249RSxx8edH7yaTRRVO9z-lBsTPnpART
# automatic
+F = $(notdir $+)
# environment
ZSH = /home/daniel/.oh-my-zsh
# environment
SNAP_USER_COMMON = /home/daniel/snap/code/common
# environment
VSCODE_HANDLES_UNCAUGHT_ERRORS = true
# environment
GNOME_DESKTOP_SESSION_ID = this-is-deprecated
# automatic
^D = $(patsubst %/,%,$(dir $^))
# environment
LC_TIME = pt_BR.UTF-8
# environment
SNAP_REAL_HOME = /home/daniel
# makefile (from 'Makefile', line 22)
OBJ_iterative := client.o analisaLct.o forest.o lct.o splay.o node.o item.o
# default
MAKE = $(MAKE_COMMAND)
# default
MAKECMDGOALS := all
# environment
QT_IM_MODULE = ibus
# environment
SNAP_USER_DATA = /home/daniel/snap/code/96
# environment
SHLVL = 0
# makefile (from 'Makefile', line 4)
CC := gcc
# environment
GNOME_SHELL_SESSION_MODE = ubuntu
# default
MAKE_VERSION := 4.2.1
# environment
USER = daniel
# environment
SNAP_REVISION = 96
# environment
LC_MONETARY = pt_BR.UTF-8
# makefile
.DEFAULT_GOAL := exe
# environment
XDG_CURRENT_DESKTOP = Unity
# environment
LESS = -R
# automatic
%D = $(patsubst %/,%,$(dir $%))
# environment
LC_TELEPHONE = pt_BR.UTF-8
# default
MAKE_COMMAND := make
# environment
OLDPWD = /home/daniel
# default
.VARIABLES := 
# automatic
*F = $(notdir $*)
# environment
LANGUAGE = en_US:
# environment
VSCODE_IPC_HOOK = /run/user/1001/vscode-419f9acc-1.67.1-main.sock
# environment
BAMF_DESKTOP_FILE_HINT = /var/lib/snapd/desktop/applications/code_code.desktop
# makefile
MAKEFLAGS = pqrR
# environment
MFLAGS = -pqrR
# automatic
*D = $(patsubst %/,%,$(dir $*))
# environment
NVM_DIR = /home/daniel/.nvm
# automatic
+D = $(patsubst %/,%,$(dir $+))
# environment
GDK_BACKEND = x11
# environment
LC_PAPER = pt_BR.UTF-8
# environment
LC_IDENTIFICATION = pt_BR.UTF-8
# environment
QT_ACCESSIBILITY = 1
# environment
DEFAULTS_PATH = /usr/share/gconf/ubuntu.default.path
# default
MAKEFILES := 
# environment
SNAP_COOKIE = YAgRdRkoQqrukyasTEcN249RSxx8edH7yaTRRVO9z-lBsTPnpART
# environment
LC_NUMERIC = pt_BR.UTF-8
# automatic
<F = $(notdir $<)
# environment
LC_MEASUREMENT = pt_BR.UTF-8
# environment
SNAP_NAME = code
# makefile (from 'Makefile', line 3)
C_FLAGS := -Wall -pedantic -Wunused-parameter
# environment
PAGER = less
# environment
LC_ALL = C
 
# makefile (from 'Makefile', line 14)
OBJ_PATH := ./obj/
# environment
GJS_DEBUG_TOPICS = JS ERROR;JS LOG
# automatic
^F = $(notdir $^)
# environment
NEO4J_HOME = /home/daniel/neo4j-community-4.4.6
# default
SUFFIXES := 
# environment
SNAP_REEXEC = 
# environment
CHROME_DESKTOP = code-url-handler.desktop
# environment
WINDOWPATH = 2
# default
.INCLUDE_DIRS = /usr/include /usr/local/include /usr/include
# environment
GJS_DEBUG_OUTPUT = stderr
# default
.RECIPEPREFIX := 
# makefile (from 'Makefile', line 15)
INC_PATH := -I ./library
# environment
LC_ADDRESS = pt_BR.UTF-8
# environment
LANG = C
# environment
VSCODE_PID = 5047
# variable set hash-table stats:
# Load=149/1024=15%, Rehash=0, Collisions=30/181=17%

# Pattern-specific Variable Values

# No pattern-specific variable values.

# Directories

# ./library (device 66307, inode 12846224): 8 files, no impossibilities.
# ./obj (device 66307, inode 12846235): 9 files, no impossibilities.
# . (device 66307, inode 12715557): 14 files, no impossibilities.
# ./src (device 66307, inode 12846218): 9 files, no impossibilities.
# src (device 66307, inode 12846218): 9 files, no impossibilities.

# 49 files, no impossibilities in 5 directories.

# Implicit Rules

obj/%.o: src/%.c
#  recipe to execute (from 'Makefile', line 29):
	@echo [CC] $<
	@$(CC) $(C_FLAGS) -o $@ -c $< $(INC_PATH)

# 1 implicit rules, 0 (0.0%) terminal.

# Files

# Not a target:
obj/analisaLct.o:
#  Implicit rule search has not been done.
#  Modification time never checked.
#  File has not been updated.

# Not a target:
obj/forest.o:
#  Implicit rule search has not been done.
#  Modification time never checked.
#  File has not been updated.

exe: obj/client.o obj/analisaLct.o obj/forest.o obj/lct.o obj/splay.o obj/node.o obj/item.o
#  Implicit rule search has not been done.
#  Modification time never checked.
#  File has not been updated.
#  recipe to execute (from 'Makefile', line 37):
	@echo [INFO] Creating Binary Executable for Iterative File [$(TARGET1)]
	@$(CC) -o $@ $^

# Not a target:
 
all:
#  Command line target.
#  Implicit rule search has been done.
#  File does not exist.
#  File has not been updated.

.PHONY: clean
#  Implicit rule search has not been done.
#  Modification time never checked.
#  File has not been updated.

# Not a target:
Makefile:
#  Implicit rule search has been done.
#  Last modified 2022-05-10 13:30:55.291207899
#  File has been updated.
#  Successfully updated.

# Not a target:
obj/item.o:
#  Implicit rule search has not been done.
#  Modification time never checked.
#  File has not been updated.

# Not a target:
obj/node.o:
#  Implicit rule search has not been done.
#  Modification time never checked.
#  File has not been updated.

# Not a target:
.DEFAULT:
#  Implicit rule search has not been done.
#  Modification time never checked.
#  File has not been updated.

clean:
#  Phony target (prerequisite of .PHONY).
#  Implicit rule search has not been done.
#  File does not exist.
#  File has not been updated.
#  recipe to execute (from 'Makefile', line 47):
	@echo "[Cleaning]"
	@$(RM) -rfv $(OBJ_PATH)*
	@$(RM) -rfv $(TARGET1)

# Not a target:
obj/splay.o:
#  Implicit rule search has not been done.
#  Modification time never checked.
#  File has not been updated.

# Not a target:
obj/client.o:
#  Implicit rule search has not been done.
#  Modification time never checked.
#  File has not been updated.

# Not a target:
obj/lct.o:
#  Implicit rule search has not been done.
#  Modification time never checked.
#  File has not been updated.

# files hash-table stats:
# Load=14/1024=1%, Rehash=0, Collisions=0/38=0%
# VPATH Search Paths

# No 'vpath' search paths.

# General ('VPATH' variable) search path:
# ./src:./obj:./library

# strcache buffers: 1 (0) / strings = 54 / storage = 456 B / avg = 8 B
# current buf: size = 8162 B / used = 456 B / count = 54 / avg = 8 B

# strcache performance: lookups = 75 / hit rate = 28%
# hash-table stats:
# Load=54/8192=1%, Rehash=0, Collisions=6/75=8%
# Finished Make data base on Wed May 18 08:05:51 2022

 
